#
# There is insufficient memory for the Java Runtime Environment to continue.
# Native memory allocation (malloc) failed to allocate 1048576 bytes for AllocateHeap
# Possible reasons:
#   The system is out of physical RAM or swap space
#   The process is running with CompressedOops enabled, and the Java Heap may be blocking the growth of the native heap
# Possible solutions:
#   Reduce memory load on the system
#   Increase physical memory or swap space
#   Check if swap backing store is full
#   Decrease Java heap size (-Xmx/-Xms)
#   Decrease number of Java threads
#   Decrease Java thread stack sizes (-Xss)
#   Set larger code cache with -XX:ReservedCodeCacheSize=
#   JVM is running with Zero Based Compressed Oops mode in which the Java heap is
#     placed in the first 32GB address space. The Java Heap base address is the
#     maximum limit for the native heap growth. Please use -XX:HeapBaseMinAddress
#     to set the Java Heap base and to place the Java Heap above 32GB virtual address.
# This output file may be truncated or incomplete.
#
#  Out of Memory Error (allocation.cpp:44), pid=14460, tid=3584
#
# JRE version:  (17.0.10+11) (build )
# Java VM: Java HotSpot(TM) 64-Bit Server VM (17.0.10+11-LTS-240, mixed mode, sharing, tiered, compressed oops, compressed class ptrs, g1 gc, windows-amd64)
# No core dump will be written. Minidumps are not enabled by default on client versions of Windows
#

---------------  S U M M A R Y ------------

Command Line: -Dnet.bytebuddy.agent.attacher.dump= net.bytebuddy.agent.Attacher com.sun.tools.attach.VirtualMachine 6020 C:\Users\MSI\.m2\repository\net\bytebuddy\byte-buddy-agent\1.14.19\byte-buddy-agent-1.14.19.jar false 

Host: 11th Gen Intel(R) Core(TM) i7-11800H @ 2.30GHz, 16 cores, 15G,  Windows 11 , 64 bit Build 22621 (10.0.22621.3958)
Time: Fri Nov  8 00:40:08 2024 Afr. centrale Ouest elapsed time: 0.006261 seconds (0d 0h 0m 0s)

---------------  T H R E A D  ---------------

Current thread (0x000001a6f4112c70):  JavaThread "Unknown thread" [_thread_in_vm, id=3584, stack(0x000000a0dfc00000,0x000000a0dfd00000)]

Stack: [0x000000a0dfc00000,0x000000a0dfd00000]
Native frames: (J=compiled Java code, j=interpreted, Vv=VM code, C=native code)
V  [jvm.dll+0x677a5a]
V  [jvm.dll+0x7d8b2d]
V  [jvm.dll+0x7da48e]
V  [jvm.dll+0x7daaf3]
V  [jvm.dll+0x2455ff]
V  [jvm.dll+0xa5173]
V  [jvm.dll+0x2e30ae]
V  [jvm.dll+0x2dadcb]
V  [jvm.dll+0x7aa551]
V  [jvm.dll+0x367911]
V  [jvm.dll+0x789639]
V  [jvm.dll+0x3eb30f]
V  [jvm.dll+0x3ecd91]
C  [jli.dll+0x5297]
C  [ucrtbase.dll+0x29333]
C  [KERNEL32.DLL+0x1257d]
C  [ntdll.dll+0x5af08]


---------------  P R O C E S S  ---------------

Threads class SMR info:
_java_thread_list=0x00007ffc316a6a18, length=0, elements={
}

Java Threads: ( => current thread )

Other Threads:
  0x000001a6f417f0b0 GCTaskThread "GC Thread#0" [stack: 0x000000a0dfd00000,0x000000a0dfe00000] [id=11564]

[error occurred during error reporting (printing all threads), id 0xc0000005, EXCEPTION_ACCESS_VIOLATION (0xc0000005) at pc=0x00007ffc30ed8020]

VM state: not at safepoint (not fully initialized)

VM Mutex/Monitor currently owned by a thread:  ([mutex/lock_event])
[0x000001a6f410e820] Heap_lock - owner thread: 0x000001a6f4112c70

Heap address: 0x0000000704a00000, size: 4022 MB, Compressed Oops mode: Zero based, Oop shift amount: 3

CDS archive(s) mapped at: [0x0000000000000000-0x0000000000000000-0x0000000000000000), size 0, SharedBaseAddress: 0x0000000800000000, ArchiveRelocationMode: 1.
Narrow klass base: 0x0000000000000000, Narrow klass shift: 0, Narrow klass range: 0x0

GC Precious Log:
<Empty>

Heap:
 garbage-first heap   total 0K, used 0K [0x0000000704a00000, 0x0000000800000000)
  region size 2048K, 0 young (0K), 0 survivors (0K)

[error occurred during error reporting (printing heap information), id 0xc0000005, EXCEPTION_ACCESS_VIOLATION (0xc0000005) at pc=0x00007ffc312c1249]

GC Heap History (0 events):
No events

Deoptimization events (0 events):
No events

Classes unloaded (0 events):
No events

Classes redefined (0 events):
No events

Internal exceptions (0 events):
No events

VM Operations (0 events):
No events

Events (1 events):
Event: 0.004 Loaded shared library C:\Program Files\Java\jdk-17\bin\java.dll


Dynamic libraries:
0x00007ff77fef0000 - 0x00007ff77ff00000 	C:\Program Files\Java\jdk-17\bin\java.exe
0x00007ffceae90000 - 0x00007ffceb0a7000 	C:\WINDOWS\SYSTEM32\ntdll.dll
0x00007ffce98f0000 - 0x00007ffce99b4000 	C:\WINDOWS\System32\KERNEL32.DLL
0x00007ffce84b0000 - 0x00007ffce8867000 	C:\WINDOWS\System32\KERNELBASE.dll
0x00007ffce8360000 - 0x00007ffce8471000 	C:\WINDOWS\System32\ucrtbase.dll
0x00007ffcdffa0000 - 0x00007ffcdffb9000 	C:\Program Files\Java\jdk-17\bin\jli.dll
0x00007ffcdf930000 - 0x00007ffcdf94b000 	C:\Program Files\Java\jdk-17\bin\VCRUNTIME140.dll
0x00007ffcea440000 - 0x00007ffcea4f2000 	C:\WINDOWS\System32\ADVAPI32.dll
0x00007ffce9070000 - 0x00007ffce9117000 	C:\WINDOWS\System32\msvcrt.dll
0x00007ffce8fc0000 - 0x00007ffce9068000 	C:\WINDOWS\System32\sechost.dll
0x00007ffce8330000 - 0x00007ffce8358000 	C:\WINDOWS\System32\bcrypt.dll
0x00007ffce96d0000 - 0x00007ffce97e4000 	C:\WINDOWS\System32\RPCRT4.dll
0x00007ffce8d80000 - 0x00007ffce8f2f000 	C:\WINDOWS\System32\USER32.dll
0x00007ffce8480000 - 0x00007ffce84a6000 	C:\WINDOWS\System32\win32u.dll
0x00007ffccd3c0000 - 0x00007ffccd653000 	C:\WINDOWS\WinSxS\amd64_microsoft.windows.common-controls_6595b64144ccf1df_6.0.22621.3672_none_2713b9d173822955\COMCTL32.dll
0x00007ffcea410000 - 0x00007ffcea439000 	C:\WINDOWS\System32\GDI32.dll
0x00007ffce8aa0000 - 0x00007ffce8bb8000 	C:\WINDOWS\System32\gdi32full.dll
0x00007ffce8290000 - 0x00007ffce832a000 	C:\WINDOWS\System32\msvcp_win.dll
0x00007ffcd1730000 - 0x00007ffcd173a000 	C:\WINDOWS\SYSTEM32\VERSION.dll
0x00007ffce9690000 - 0x00007ffce96c1000 	C:\WINDOWS\System32\IMM32.DLL
0x00007ffcdfff0000 - 0x00007ffcdfffc000 	C:\Program Files\Java\jdk-17\bin\vcruntime140_1.dll
0x00007ffcd3980000 - 0x00007ffcd3a0e000 	C:\Program Files\Java\jdk-17\bin\msvcp140.dll
0x00007ffc30bf0000 - 0x00007ffc317cf000 	C:\Program Files\Java\jdk-17\bin\server\jvm.dll
0x00007ffce9260000 - 0x00007ffce9268000 	C:\WINDOWS\System32\PSAPI.DLL
0x00007ffcde060000 - 0x00007ffcde069000 	C:\WINDOWS\SYSTEM32\WSOCK32.dll
0x00007ffcddd10000 - 0x00007ffcddd44000 	C:\WINDOWS\SYSTEM32\WINMM.dll
0x00007ffcea7d0000 - 0x00007ffcea841000 	C:\WINDOWS\System32\WS2_32.dll
0x00007ffce71f0000 - 0x00007ffce7208000 	C:\WINDOWS\SYSTEM32\kernel.appcore.dll
0x00007ffcddf30000 - 0x00007ffcddf3a000 	C:\Program Files\Java\jdk-17\bin\jimage.dll
0x00007ffce5b40000 - 0x00007ffce5d72000 	C:\WINDOWS\SYSTEM32\DBGHELP.DLL
0x00007ffce9300000 - 0x00007ffce968e000 	C:\WINDOWS\System32\combase.dll
0x00007ffce9180000 - 0x00007ffce9257000 	C:\WINDOWS\System32\OLEAUT32.dll
0x00007ffcca1c0000 - 0x00007ffcca1f2000 	C:\WINDOWS\SYSTEM32\dbgcore.DLL
0x00007ffce8210000 - 0x00007ffce828b000 	C:\WINDOWS\System32\bcryptPrimitives.dll
0x00007ffcc95e0000 - 0x00007ffcc9605000 	C:\Program Files\Java\jdk-17\bin\java.dll

dbghelp: loaded successfully - version: 4.0.5 - missing functions: none
symbol engine: initialized successfully - sym options: 0x614 - pdb path: .;C:\Program Files\Java\jdk-17\bin;C:\WINDOWS\SYSTEM32;C:\WINDOWS\WinSxS\amd64_microsoft.windows.common-controls_6595b64144ccf1df_6.0.22621.3672_none_2713b9d173822955;C:\Program Files\Java\jdk-17\bin\server

VM Arguments:
jvm_args: -Dnet.bytebuddy.agent.attacher.dump= 
java_command: net.bytebuddy.agent.Attacher com.sun.tools.attach.VirtualMachine 6020 C:\Users\MSI\.m2\repository\net\bytebuddy\byte-buddy-agent\1.14.19\byte-buddy-agent-1.14.19.jar false 
java_class_path (initial): C:\Users\MSI\.m2\repository\net\bytebuddy\byte-buddy-agent\1.14.19\byte-buddy-agent-1.14.19.jar
Launcher Type: SUN_STANDARD

[Global flags]
     intx CICompilerCount                          = 12                                        {product} {ergonomic}
     uint ConcGCThreads                            = 3                                         {product} {ergonomic}
     uint G1ConcRefinementThreads                  = 13                                        {product} {ergonomic}
   size_t G1HeapRegionSize                         = 2097152                                   {product} {ergonomic}
    uintx GCDrainStackTargetSize                   = 64                                        {product} {ergonomic}
   size_t InitialHeapSize                          = 264241152                                 {product} {ergonomic}
   size_t MarkStackSize                            = 4194304                                   {product} {ergonomic}
   size_t MaxHeapSize                              = 4217372672                                {product} {ergonomic}
   size_t MinHeapDeltaBytes                        = 2097152                                   {product} {ergonomic}
   size_t MinHeapSize                              = 8388608                                   {product} {ergonomic}
    uintx NonNMethodCodeHeapSize                   = 7602480                                {pd product} {ergonomic}
    uintx NonProfiledCodeHeapSize                  = 122027880                              {pd product} {ergonomic}
    uintx ProfiledCodeHeapSize                     = 122027880                              {pd product} {ergonomic}
    uintx ReservedCodeCacheSize                    = 251658240                              {pd product} {ergonomic}
     bool SegmentedCodeCache                       = true                                      {product} {ergonomic}
   size_t SoftMaxHeapSize                          = 4217372672                             {manageable} {ergonomic}
     bool UseCompressedClassPointers               = true                           {product lp64_product} {ergonomic}
     bool UseCompressedOops                        = true                           {product lp64_product} {ergonomic}
     bool UseG1GC                                  = true                                      {product} {ergonomic}
     bool UseLargePagesIndividualAllocation        = false                                  {pd product} {ergonomic}

Logging:
Log output configuration:
 #0: stdout all=warning uptime,level,tags
 #1: stderr all=off uptime,level,tags

Environment Variables:
JAVA_HOME=C:\Program Files\Java\jdk-17
PATH=C:\Program Files (x86)\VMware\VMware Workstation\bin\;C:\Program Files\Common Files\Oracle\Java\javapath;C:\oraclexe\app\oracle\product\11.2.0\server\bin;C:\Program Files (x86)\Common Files\Oracle\Java\javapath;C:\Windows\system32;C:\Windows;C:\Windows\System32\Wbem;C:\Windows\System32\WindowsPowerShell\v1.0\;C:\Windows\System32\OpenSSH\;C:\Program Files (x86)\NVIDIA Corporation\PhysX\Common;C:\Program Files\NVIDIA Corporation\NVIDIA NvDLISR;C:\WINDOWS\system32;C:\WINDOWS;C:\WINDOWS\System32\Wbem;C:\WINDOWS\System32\WindowsPowerShell\v1.0\;C:\WINDOWS\System32\OpenSSH\;C:\Program Files\nodejs\;C:\Program Files\Git\cmd;C:\Program Files\Microsoft SQL Server\150\Tools\Binn\;C:\Program Files\Microsoft SQL Server\Client SDK\ODBC\170\Tools\Binn\;C:\Program Files\dotnet\;C:\Program Files\Java\jdk-17\bin;C:\Program Files\Vagrant\bin;C:\Users\MSI\AppData\Local\Microsoft\WindowsApps;C:\Users\MSI\AppData\Local\Programs\Microsoft VS Code\bin;C:\Users\MSI\AppData\Roaming\npm;C:\Users\MSI\.dotnet\tools;C:\Users\MSI\AppData\Local\Programs\Python\Python38\;C:\Users\MSI\AppData\Local\Programs\Python\Python38\Scripts\;
USERNAME=MSI
OS=Windows_NT
PROCESSOR_IDENTIFIER=Intel64 Family 6 Model 141 Stepping 1, GenuineIntel



---------------  S Y S T E M  ---------------

OS:
 Windows 11 , 64 bit Build 22621 (10.0.22621.3958)
OS uptime: 1 days 13:46 hours

CPU: total 16 (initial active 16) (8 cores per cpu, 2 threads per core) family 6 model 141 stepping 1 microcode 0x26, cx8, cmov, fxsr, ht, mmx, 3dnowpref, sse, sse2, sse3, ssse3, sse4.1, sse4.2, popcnt, lzcnt, tsc, tscinvbit, avx, avx2, aes, erms, clmul, bmi1, bmi2, adx, avx512f, avx512dq, avx512cd, avx512bw, avx512vl, sha, fma, vzeroupper, avx512_vpopcntdq, avx512_vpclmulqdq, avx512_vaes, avx512_vnni, clflush, clflushopt, clwb, avx512_vbmi2, avx512_vbmi

Memory: 4k page, system-wide physical 16085M (2473M free)
TotalPageFile size 18133M (AvailPageFile size 5M)
current process WorkingSet (physical memory assigned to process): 11M, peak: 11M
current process commit charge ("private bytes"): 68M, peak: 69M

vm_info: Java HotSpot(TM) 64-Bit Server VM (17.0.10+11-LTS-240) for windows-amd64 JRE (17.0.10+11-LTS-240), built on Dec 19 2023 21:47:25 by "mach5one" with MS VC++ 17.1 (VS2022)

END.
